<?xml version="1.0" encoding="UTF-8"?>
<!-- Generated by org.testng.reporters.JUnitXMLReporter -->
<testsuite ignored="0" hostname="Laptop-191" failures="0" tests="7" name="Default test" time="79.102" errors="0" timestamp="2026-05-28T18:51:55 IST">
  <testcase classname="CloseoutPro.NotConnect.SettingTest" name="Settings" time="32.95"/>
  <testcase classname="CloseoutPro.NotConnect.SettingTest" name="createCloseoutType" time="9.91"/>
  <testcase classname="CloseoutPro.NotConnect.SettingTest" name="upadteCloseoutType" time="5.27"/>
  <testcase classname="CloseoutPro.NotConnect.SettingTest" name="deleteCloseoutType" time="4.055"/>
  <testcase classname="CloseoutPro.NotConnect.SettingTest" name="createPhase" time="18.221"/>
  <testcase classname="CloseoutPro.NotConnect.SettingTest" name="updatePhase" time="4.404"/>
  <testcase classname="CloseoutPro.NotConnect.SettingTest" name="deletePhase" time="4.221"/>
</testsuite> <!-- Default test -->
