<?xml version="1.0" encoding="UTF-8"?>
<!-- Generated by org.testng.reporters.JUnitXMLReporter -->
<testsuite ignored="0" hostname="Laptop-191" failures="2" tests="42" name="Test" time="945.166" errors="0" timestamp="2026-05-29T17:48:10 IST">
  <testcase classname="CloseoutPro.NotConnect.LoginTest" name="LoginWithWrongEmail" time="18.835"/>
  <testcase classname="CloseoutPro.NotConnect.LoginTest" name="LoginWithWrongPassword" time="3.776"/>
  <testcase classname="CloseoutPro.NotConnect.LoginTest" name="LoginWithValidCredentials" time="5.975"/>
  <testcase classname="CloseoutPro.NotConnect.MyProfileTest" name="EditMyProfile" time="36.269"/>
  <testcase classname="CloseoutPro.NotConnect.MyProfileTest" name="ChangePassword" time="3.219"/>
  <testcase classname="CloseoutPro.NotConnect.UserDirectoryTest" name="UserDirectary" time="26.716"/>
  <testcase classname="CloseoutPro.NotConnect.UserDirectoryTest" name="CreateUser" time="6.056"/>
  <testcase classname="CloseoutPro.NotConnect.UserDirectoryTest" name="editUser" time="5.636"/>
  <testcase classname="CloseoutPro.NotConnect.UserDirectoryTest" name="deleteUser" time="4.319"/>
  <testcase classname="CloseoutPro.NotConnect.ProjectsTest" name="Projects" time="23.201"/>
  <testcase classname="CloseoutPro.NotConnect.ProjectsTest" name="createProject" time="5.937"/>
  <testcase classname="CloseoutPro.NotConnect.ProjectsTest" name="editProject" time="14.684"/>
  <testcase classname="CloseoutPro.NotConnect.ProjectsTest" name="deleteProject" time="5.891"/>
  <testcase classname="CloseoutPro.NotConnect.ProjectsTest" name="RestoreProject" time="12.983"/>
  <testcase classname="CloseoutPro.NotConnect.specificationTest" name="Specifications" time="39.024"/>
  <testcase classname="CloseoutPro.NotConnect.specificationTest" name="AddSpecification" time="5.216"/>
  <testcase classname="CloseoutPro.NotConnect.specificationTest" name="UploadSpecification" time="22.31"/>
  <testcase classname="CloseoutPro.NotConnect.CloseoutTest" name="CloseoutItem" time="33.187"/>
  <testcase classname="CloseoutPro.NotConnect.CloseoutTest" name="createCloseoutItem" time="5.857"/>
  <testcase classname="CloseoutPro.NotConnect.CloseoutTest" name="ApproveCloseoutItem" time="38.346"/>
  <testcase classname="CloseoutPro.NotConnect.CloseoutTest" name="RejectCloseoutItem" time="8.135"/>
  <testcase classname="CloseoutPro.NotConnect.CloseoutTest" name="AddComments" time="6.322"/>
  <testcase classname="CloseoutPro.NotConnect.CloseoutTest" name="UpdateCloseoutItem" time="14.147"/>
  <testcase classname="CloseoutPro.NotConnect.CloseoutTest" name="deleteAndRestoreCloseoutItem" time="6.914"/>
  <testcase classname="CloseoutPro.NotConnect.AssetsTest" name="Assets" time="37.077"/>
  <testcase classname="CloseoutPro.NotConnect.AssetsTest" name="createAsset" time="24.812"/>
  <testcase classname="CloseoutPro.NotConnect.AssetsTest" name="editAsset" time="14.74"/>
  <testcase classname="CloseoutPro.NotConnect.WarrantyTest" name="WarrantyTicket" time="34.727"/>
  <testcase classname="CloseoutPro.NotConnect.WarrantyTest" name="createWarrantyTicket" time="298.206"/>
  <testcase classname="CloseoutPro.NotConnect.WarrantyTest" name="UpdateWarrantyTicket" time="20.285"/>
  <testcase classname="CloseoutPro.NotConnect.WarrantyTest" name="SuspendAndResumeTicket" time="8.894"/>
  <testcase classname="CloseoutPro.NotConnect.WarrantyTest" name="closeWarrantyTicket" time="12.72"/>
  <testcase classname="CloseoutPro.NotConnect.WarrantyTest" name="deleteAndPermanentDeleteWarranty" time="10.166"/>
  <testcase classname="CloseoutPro.NotConnect.SettingTest" name="Settings" time="39.401"/>
  <testcase classname="CloseoutPro.NotConnect.SettingTest" name="createCloseoutType" time="9.925"/>
  <testcase classname="CloseoutPro.NotConnect.SettingTest" name="upadteCloseoutType" time="14.237">
    <skipped/>
  </testcase> <!-- upadteCloseoutType -->
  <testcase classname="CloseoutPro.NotConnect.SettingTest" name="upadteCloseoutType" time="13.088">
    <failure type="org.openqa.selenium.NoSuchElementException" message="no such element: Unable to locate element: {&amp;quot;method&amp;quot;:&amp;quot;css selector&amp;quot;,&amp;quot;selector&amp;quot;:&amp;quot;.fa.fa-pencil.text-primary&amp;quot;}
  (Session info: chrome=148.0.7778.179)
For documentation on this error, please visit: https://www.selenium.dev/documentation/webdriver/troubleshooting/errors#no-such-element-exception
Build info: version: &amp;apos;4.22.0&amp;apos;, revision: &amp;apos;c5f3146703*&amp;apos;
System info: os.name: &amp;apos;Windows 11&amp;apos;, os.arch: &amp;apos;amd64&amp;apos;, os.version: &amp;apos;10.0&amp;apos;, java.version: &amp;apos;21.0.9&amp;apos;
Driver info: org.openqa.selenium.chrome.ChromeDriver
Command: [f767de52eb1c99469d4c9a5c3922a3d7, findElement {using=css selector, value=.fa.fa-pencil.text-primary}]
Capabilities {acceptInsecureCerts: false, browserName: chrome, browserVersion: 148.0.7778.179, chrome: {chromedriverVersion: 148.0.7778.178 (d096af1c9e9..., userDataDir: C:\Users\Laptop\AppData\Loc...}, fedcm:accounts: true, goog:chromeOptions: {debuggerAddress: localhost:57130}, goog:processID: 20836, networkConnectionEnabled: false, pageLoadStrategy: normal, platformName: windows, proxy: Proxy(), se:cdp: ws://localhost:57130/devtoo..., se:cdpVersion: 148.0.7778.179, setWindowRect: true, strictFileInteractability: false, timeouts: {implicit: 0, pageLoad: 300000, script: 30000}, unhandledPromptBehavior: dismiss and notify, webauthn:extension:credBlob: true, webauthn:extension:largeBlob: true, webauthn:extension:minPinLength: true, webauthn:extension:prf: true, webauthn:virtualAuthenticators: true}
Session ID: f767de52eb1c99469d4c9a5c3922a3d7">
      <![CDATA[org.openqa.selenium.NoSuchElementException: no such element: Unable to locate element: {"method":"css selector","selector":".fa.fa-pencil.text-primary"}
  (Session info: chrome=148.0.7778.179)
For documentation on this error, please visit: https://www.selenium.dev/documentation/webdriver/troubleshooting/errors#no-such-element-exception
Build info: version: '4.22.0', revision: 'c5f3146703*'
System info: os.name: 'Windows 11', os.arch: 'amd64', os.version: '10.0', java.version: '21.0.9'
Driver info: org.openqa.selenium.chrome.ChromeDriver
Command: [f767de52eb1c99469d4c9a5c3922a3d7, findElement {using=css selector, value=.fa.fa-pencil.text-primary}]
Capabilities {acceptInsecureCerts: false, browserName: chrome, browserVersion: 148.0.7778.179, chrome: {chromedriverVersion: 148.0.7778.178 (d096af1c9e9..., userDataDir: C:\Users\Laptop\AppData\Loc...}, fedcm:accounts: true, goog:chromeOptions: {debuggerAddress: localhost:57130}, goog:processID: 20836, networkConnectionEnabled: false, pageLoadStrategy: normal, platformName: windows, proxy: Proxy(), se:cdp: ws://localhost:57130/devtoo..., se:cdpVersion: 148.0.7778.179, setWindowRect: true, strictFileInteractability: false, timeouts: {implicit: 0, pageLoad: 300000, script: 30000}, unhandledPromptBehavior: dismiss and notify, webauthn:extension:credBlob: true, webauthn:extension:largeBlob: true, webauthn:extension:minPinLength: true, webauthn:extension:prf: true, webauthn:virtualAuthenticators: true}
Session ID: f767de52eb1c99469d4c9a5c3922a3d7
at org.openqa.selenium.remote.ErrorCodec.decode(ErrorCodec.java:167)
at org.openqa.selenium.remote.codec.w3c.W3CHttpResponseCodec.decode(W3CHttpResponseCodec.java:138)
at org.openqa.selenium.remote.codec.w3c.W3CHttpResponseCodec.decode(W3CHttpResponseCodec.java:50)
at org.openqa.selenium.remote.HttpCommandExecutor.execute(HttpCommandExecutor.java:190)
at org.openqa.selenium.remote.service.DriverCommandExecutor.invokeExecute(DriverCommandExecutor.java:216)
at org.openqa.selenium.remote.service.DriverCommandExecutor.execute(DriverCommandExecutor.java:174)
at org.openqa.selenium.remote.RemoteWebDriver.execute(RemoteWebDriver.java:518)
at org.openqa.selenium.remote.ElementLocation$ElementFinder$2.findElement(ElementLocation.java:165)
at org.openqa.selenium.remote.ElementLocation.findElement(ElementLocation.java:59)
at org.openqa.selenium.remote.RemoteWebDriver.findElement(RemoteWebDriver.java:355)
at org.openqa.selenium.remote.RemoteWebDriver.findElement(RemoteWebDriver.java:349)
at CloseoutPro.NotConnect.SettingPage.updateCloseoutType(SettingPage.java:56)
at CloseoutPro.NotConnect.SettingTest.upadteCloseoutType(SettingTest.java:78)
at java.base/java.util.ArrayList.forEach(ArrayList.java:1596)
... Removed 28 stack frames]]>
    </failure>
  </testcase> <!-- upadteCloseoutType -->
  <testcase classname="CloseoutPro.NotConnect.SettingTest" name="deleteCloseoutType" time="13.067">
    <skipped/>
  </testcase> <!-- deleteCloseoutType -->
  <testcase classname="CloseoutPro.NotConnect.SettingTest" name="deleteCloseoutType" time="13.043">
    <failure type="org.openqa.selenium.NoSuchElementException" message="no such element: Unable to locate element: {&amp;quot;method&amp;quot;:&amp;quot;css selector&amp;quot;,&amp;quot;selector&amp;quot;:&amp;quot;.fa.fa-trash-o.text-primary&amp;quot;}
  (Session info: chrome=148.0.7778.179)
For documentation on this error, please visit: https://www.selenium.dev/documentation/webdriver/troubleshooting/errors#no-such-element-exception
Build info: version: &amp;apos;4.22.0&amp;apos;, revision: &amp;apos;c5f3146703*&amp;apos;
System info: os.name: &amp;apos;Windows 11&amp;apos;, os.arch: &amp;apos;amd64&amp;apos;, os.version: &amp;apos;10.0&amp;apos;, java.version: &amp;apos;21.0.9&amp;apos;
Driver info: org.openqa.selenium.chrome.ChromeDriver
Command: [f767de52eb1c99469d4c9a5c3922a3d7, findElement {using=css selector, value=.fa.fa-trash-o.text-primary}]
Capabilities {acceptInsecureCerts: false, browserName: chrome, browserVersion: 148.0.7778.179, chrome: {chromedriverVersion: 148.0.7778.178 (d096af1c9e9..., userDataDir: C:\Users\Laptop\AppData\Loc...}, fedcm:accounts: true, goog:chromeOptions: {debuggerAddress: localhost:57130}, goog:processID: 20836, networkConnectionEnabled: false, pageLoadStrategy: normal, platformName: windows, proxy: Proxy(), se:cdp: ws://localhost:57130/devtoo..., se:cdpVersion: 148.0.7778.179, setWindowRect: true, strictFileInteractability: false, timeouts: {implicit: 0, pageLoad: 300000, script: 30000}, unhandledPromptBehavior: dismiss and notify, webauthn:extension:credBlob: true, webauthn:extension:largeBlob: true, webauthn:extension:minPinLength: true, webauthn:extension:prf: true, webauthn:virtualAuthenticators: true}
Session ID: f767de52eb1c99469d4c9a5c3922a3d7">
      <![CDATA[org.openqa.selenium.NoSuchElementException: no such element: Unable to locate element: {"method":"css selector","selector":".fa.fa-trash-o.text-primary"}
  (Session info: chrome=148.0.7778.179)
For documentation on this error, please visit: https://www.selenium.dev/documentation/webdriver/troubleshooting/errors#no-such-element-exception
Build info: version: '4.22.0', revision: 'c5f3146703*'
System info: os.name: 'Windows 11', os.arch: 'amd64', os.version: '10.0', java.version: '21.0.9'
Driver info: org.openqa.selenium.chrome.ChromeDriver
Command: [f767de52eb1c99469d4c9a5c3922a3d7, findElement {using=css selector, value=.fa.fa-trash-o.text-primary}]
Capabilities {acceptInsecureCerts: false, browserName: chrome, browserVersion: 148.0.7778.179, chrome: {chromedriverVersion: 148.0.7778.178 (d096af1c9e9..., userDataDir: C:\Users\Laptop\AppData\Loc...}, fedcm:accounts: true, goog:chromeOptions: {debuggerAddress: localhost:57130}, goog:processID: 20836, networkConnectionEnabled: false, pageLoadStrategy: normal, platformName: windows, proxy: Proxy(), se:cdp: ws://localhost:57130/devtoo..., se:cdpVersion: 148.0.7778.179, setWindowRect: true, strictFileInteractability: false, timeouts: {implicit: 0, pageLoad: 300000, script: 30000}, unhandledPromptBehavior: dismiss and notify, webauthn:extension:credBlob: true, webauthn:extension:largeBlob: true, webauthn:extension:minPinLength: true, webauthn:extension:prf: true, webauthn:virtualAuthenticators: true}
Session ID: f767de52eb1c99469d4c9a5c3922a3d7
at org.openqa.selenium.remote.ErrorCodec.decode(ErrorCodec.java:167)
at org.openqa.selenium.remote.codec.w3c.W3CHttpResponseCodec.decode(W3CHttpResponseCodec.java:138)
at org.openqa.selenium.remote.codec.w3c.W3CHttpResponseCodec.decode(W3CHttpResponseCodec.java:50)
at org.openqa.selenium.remote.HttpCommandExecutor.execute(HttpCommandExecutor.java:190)
at org.openqa.selenium.remote.service.DriverCommandExecutor.invokeExecute(DriverCommandExecutor.java:216)
at org.openqa.selenium.remote.service.DriverCommandExecutor.execute(DriverCommandExecutor.java:174)
at org.openqa.selenium.remote.RemoteWebDriver.execute(RemoteWebDriver.java:518)
at org.openqa.selenium.remote.ElementLocation$ElementFinder$2.findElement(ElementLocation.java:165)
at org.openqa.selenium.remote.ElementLocation.findElement(ElementLocation.java:59)
at org.openqa.selenium.remote.RemoteWebDriver.findElement(RemoteWebDriver.java:355)
at org.openqa.selenium.remote.RemoteWebDriver.findElement(RemoteWebDriver.java:349)
at CloseoutPro.NotConnect.SettingPage.deleteCloseoutType(SettingPage.java:69)
at CloseoutPro.NotConnect.SettingTest.deleteCloseoutType(SettingTest.java:88)
at java.base/java.util.ArrayList.forEach(ArrayList.java:1596)
... Removed 28 stack frames]]>
    </failure>
  </testcase> <!-- deleteCloseoutType -->
  <testcase classname="CloseoutPro.NotConnect.SettingTest" name="createPhase" time="18.384"/>
  <testcase classname="CloseoutPro.NotConnect.SettingTest" name="updatePhase" time="4.458"/>
  <testcase classname="CloseoutPro.NotConnect.SettingTest" name="deletePhase" time="4.275"/>
</testsuite> <!-- Test -->
