<?xml version="1.0" encoding="UTF-8"?>
<!-- Generated by org.testng.reporters.JUnitXMLReporter -->
<testsuite ignored="0" hostname="Laptop-191" failures="2" tests="40" name="Test" time="968.697" errors="0" timestamp="2026-05-28T19:14:24 IST">
  <testcase classname="CloseoutPro.NotConnect.LoginTest" name="WrongEmail" time="29.681"/>
  <testcase classname="CloseoutPro.NotConnect.LoginTest" name="WrongPassword" time="5.388"/>
  <testcase classname="CloseoutPro.NotConnect.LoginTest" name="ValidCredentials" time="9.107"/>
  <testcase classname="CloseoutPro.NotConnect.MyProfileTest" name="EditProfile" time="31.416"/>
  <testcase classname="CloseoutPro.NotConnect.MyProfileTest" name="ChangePassword" time="3.651"/>
  <testcase classname="CloseoutPro.NotConnect.UserDirectoryTest" name="UserDirectary" time="46.576"/>
  <testcase classname="CloseoutPro.NotConnect.UserDirectoryTest" name="CreateUser" time="6.858"/>
  <testcase classname="CloseoutPro.NotConnect.UserDirectoryTest" name="editUser" time="6.405"/>
  <testcase classname="CloseoutPro.NotConnect.UserDirectoryTest" name="deleteUser" time="4.607"/>
  <testcase classname="CloseoutPro.NotConnect.ProjectsTest" name="Projects" time="31.774"/>
  <testcase classname="CloseoutPro.NotConnect.ProjectsTest" name="createProject" time="6.681"/>
  <testcase classname="CloseoutPro.NotConnect.ProjectsTest" name="editProject" time="17.856"/>
  <testcase classname="CloseoutPro.NotConnect.ProjectsTest" name="delete" time="6.131"/>
  <testcase classname="CloseoutPro.NotConnect.ProjectsTest" name="RestoreProject" time="13.381"/>
  <testcase classname="CloseoutPro.NotConnect.specificationTest" name="Specifications" time="54.155"/>
  <testcase classname="CloseoutPro.NotConnect.specificationTest" name="AddSpecification" time="5.166"/>
  <testcase classname="CloseoutPro.NotConnect.specificationTest" name="UploadSpecification" time="16.999"/>
  <testcase classname="CloseoutPro.NotConnect.CloseoutTest" name="CloseoutItem" time="36.664"/>
  <testcase classname="CloseoutPro.NotConnect.CloseoutTest" name="createCloseout" time="7.607"/>
  <testcase classname="CloseoutPro.NotConnect.CloseoutTest" name="ApproveCloseout" time="30.0">
    <failure type="org.openqa.selenium.NoSuchElementException" message="no such element: Unable to locate element: {&amp;quot;method&amp;quot;:&amp;quot;css selector&amp;quot;,&amp;quot;selector&amp;quot;:&amp;quot;.chip.Approved&amp;quot;}
  (Session info: chrome=148.0.7778.179)
For documentation on this error, please visit: https://www.selenium.dev/documentation/webdriver/troubleshooting/errors#no-such-element-exception
Build info: version: &amp;apos;4.22.0&amp;apos;, revision: &amp;apos;c5f3146703*&amp;apos;
System info: os.name: &amp;apos;Windows 11&amp;apos;, os.arch: &amp;apos;amd64&amp;apos;, os.version: &amp;apos;10.0&amp;apos;, java.version: &amp;apos;21.0.9&amp;apos;
Driver info: org.openqa.selenium.chrome.ChromeDriver
Command: [e8b0b51e21526155220d69c590937ab6, findElement {value=.chip.Approved, using=css selector}]
Capabilities {acceptInsecureCerts: false, browserName: chrome, browserVersion: 148.0.7778.179, chrome: {chromedriverVersion: 148.0.7778.178 (d096af1c9e9..., userDataDir: C:\Users\Laptop\AppData\Loc...}, fedcm:accounts: true, goog:chromeOptions: {debuggerAddress: localhost:62849}, goog:processID: 22532, networkConnectionEnabled: false, pageLoadStrategy: normal, platformName: windows, proxy: Proxy(), se:cdp: ws://localhost:62849/devtoo..., se:cdpVersion: 148.0.7778.179, setWindowRect: true, strictFileInteractability: false, timeouts: {implicit: 0, pageLoad: 300000, script: 30000}, unhandledPromptBehavior: dismiss and notify, webauthn:extension:credBlob: true, webauthn:extension:largeBlob: true, webauthn:extension:minPinLength: true, webauthn:extension:prf: true, webauthn:virtualAuthenticators: true}
Session ID: e8b0b51e21526155220d69c590937ab6">
      <![CDATA[org.openqa.selenium.NoSuchElementException: no such element: Unable to locate element: {"method":"css selector","selector":".chip.Approved"}
  (Session info: chrome=148.0.7778.179)
For documentation on this error, please visit: https://www.selenium.dev/documentation/webdriver/troubleshooting/errors#no-such-element-exception
Build info: version: '4.22.0', revision: 'c5f3146703*'
System info: os.name: 'Windows 11', os.arch: 'amd64', os.version: '10.0', java.version: '21.0.9'
Driver info: org.openqa.selenium.chrome.ChromeDriver
Command: [e8b0b51e21526155220d69c590937ab6, findElement {value=.chip.Approved, using=css selector}]
Capabilities {acceptInsecureCerts: false, browserName: chrome, browserVersion: 148.0.7778.179, chrome: {chromedriverVersion: 148.0.7778.178 (d096af1c9e9..., userDataDir: C:\Users\Laptop\AppData\Loc...}, fedcm:accounts: true, goog:chromeOptions: {debuggerAddress: localhost:62849}, goog:processID: 22532, networkConnectionEnabled: false, pageLoadStrategy: normal, platformName: windows, proxy: Proxy(), se:cdp: ws://localhost:62849/devtoo..., se:cdpVersion: 148.0.7778.179, setWindowRect: true, strictFileInteractability: false, timeouts: {implicit: 0, pageLoad: 300000, script: 30000}, unhandledPromptBehavior: dismiss and notify, webauthn:extension:credBlob: true, webauthn:extension:largeBlob: true, webauthn:extension:minPinLength: true, webauthn:extension:prf: true, webauthn:virtualAuthenticators: true}
Session ID: e8b0b51e21526155220d69c590937ab6
at org.openqa.selenium.remote.ErrorCodec.decode(ErrorCodec.java:167)
at org.openqa.selenium.remote.codec.w3c.W3CHttpResponseCodec.decode(W3CHttpResponseCodec.java:138)
at org.openqa.selenium.remote.codec.w3c.W3CHttpResponseCodec.decode(W3CHttpResponseCodec.java:50)
at org.openqa.selenium.remote.HttpCommandExecutor.execute(HttpCommandExecutor.java:190)
at org.openqa.selenium.remote.service.DriverCommandExecutor.invokeExecute(DriverCommandExecutor.java:216)
at org.openqa.selenium.remote.service.DriverCommandExecutor.execute(DriverCommandExecutor.java:174)
at org.openqa.selenium.remote.RemoteWebDriver.execute(RemoteWebDriver.java:518)
at org.openqa.selenium.remote.ElementLocation$ElementFinder$2.findElement(ElementLocation.java:165)
at org.openqa.selenium.remote.ElementLocation.findElement(ElementLocation.java:59)
at org.openqa.selenium.remote.RemoteWebDriver.findElement(RemoteWebDriver.java:355)
at org.openqa.selenium.remote.RemoteWebDriver.findElement(RemoteWebDriver.java:349)
at CloseoutPro.NotConnect.CloseoutPage.getApproveStatus(CloseoutPage.java:89)
at CloseoutPro.NotConnect.CloseoutTest.ApproveCloseout(CloseoutTest.java:142)
at java.base/java.util.ArrayList.forEach(ArrayList.java:1596)
... Removed 28 stack frames]]>
    </failure>
  </testcase> <!-- ApproveCloseout -->
  <testcase classname="CloseoutPro.NotConnect.CloseoutTest" name="RejectCloseout" time="10.048">
    <failure type="org.openqa.selenium.NoSuchElementException" message="no such element: Unable to locate element: {&amp;quot;method&amp;quot;:&amp;quot;xpath&amp;quot;,&amp;quot;selector&amp;quot;:&amp;quot;//span[@mattooltip=&amp;apos;Reject&amp;apos;]&amp;quot;}
  (Session info: chrome=148.0.7778.179)
For documentation on this error, please visit: https://www.selenium.dev/documentation/webdriver/troubleshooting/errors#no-such-element-exception
Build info: version: &amp;apos;4.22.0&amp;apos;, revision: &amp;apos;c5f3146703*&amp;apos;
System info: os.name: &amp;apos;Windows 11&amp;apos;, os.arch: &amp;apos;amd64&amp;apos;, os.version: &amp;apos;10.0&amp;apos;, java.version: &amp;apos;21.0.9&amp;apos;
Driver info: org.openqa.selenium.chrome.ChromeDriver
Command: [e8b0b51e21526155220d69c590937ab6, findElement {value=//span[@mattooltip=&amp;apos;Reject&amp;apos;], using=xpath}]
Capabilities {acceptInsecureCerts: false, browserName: chrome, browserVersion: 148.0.7778.179, chrome: {chromedriverVersion: 148.0.7778.178 (d096af1c9e9..., userDataDir: C:\Users\Laptop\AppData\Loc...}, fedcm:accounts: true, goog:chromeOptions: {debuggerAddress: localhost:62849}, goog:processID: 22532, networkConnectionEnabled: false, pageLoadStrategy: normal, platformName: windows, proxy: Proxy(), se:cdp: ws://localhost:62849/devtoo..., se:cdpVersion: 148.0.7778.179, setWindowRect: true, strictFileInteractability: false, timeouts: {implicit: 0, pageLoad: 300000, script: 30000}, unhandledPromptBehavior: dismiss and notify, webauthn:extension:credBlob: true, webauthn:extension:largeBlob: true, webauthn:extension:minPinLength: true, webauthn:extension:prf: true, webauthn:virtualAuthenticators: true}
Session ID: e8b0b51e21526155220d69c590937ab6">
      <![CDATA[org.openqa.selenium.NoSuchElementException: no such element: Unable to locate element: {"method":"xpath","selector":"//span[@mattooltip='Reject']"}
  (Session info: chrome=148.0.7778.179)
For documentation on this error, please visit: https://www.selenium.dev/documentation/webdriver/troubleshooting/errors#no-such-element-exception
Build info: version: '4.22.0', revision: 'c5f3146703*'
System info: os.name: 'Windows 11', os.arch: 'amd64', os.version: '10.0', java.version: '21.0.9'
Driver info: org.openqa.selenium.chrome.ChromeDriver
Command: [e8b0b51e21526155220d69c590937ab6, findElement {value=//span[@mattooltip='Reject'], using=xpath}]
Capabilities {acceptInsecureCerts: false, browserName: chrome, browserVersion: 148.0.7778.179, chrome: {chromedriverVersion: 148.0.7778.178 (d096af1c9e9..., userDataDir: C:\Users\Laptop\AppData\Loc...}, fedcm:accounts: true, goog:chromeOptions: {debuggerAddress: localhost:62849}, goog:processID: 22532, networkConnectionEnabled: false, pageLoadStrategy: normal, platformName: windows, proxy: Proxy(), se:cdp: ws://localhost:62849/devtoo..., se:cdpVersion: 148.0.7778.179, setWindowRect: true, strictFileInteractability: false, timeouts: {implicit: 0, pageLoad: 300000, script: 30000}, unhandledPromptBehavior: dismiss and notify, webauthn:extension:credBlob: true, webauthn:extension:largeBlob: true, webauthn:extension:minPinLength: true, webauthn:extension:prf: true, webauthn:virtualAuthenticators: true}
Session ID: e8b0b51e21526155220d69c590937ab6
at org.openqa.selenium.remote.ErrorCodec.decode(ErrorCodec.java:167)
at org.openqa.selenium.remote.codec.w3c.W3CHttpResponseCodec.decode(W3CHttpResponseCodec.java:138)
at org.openqa.selenium.remote.codec.w3c.W3CHttpResponseCodec.decode(W3CHttpResponseCodec.java:50)
at org.openqa.selenium.remote.HttpCommandExecutor.execute(HttpCommandExecutor.java:190)
at org.openqa.selenium.remote.service.DriverCommandExecutor.invokeExecute(DriverCommandExecutor.java:216)
at org.openqa.selenium.remote.service.DriverCommandExecutor.execute(DriverCommandExecutor.java:174)
at org.openqa.selenium.remote.RemoteWebDriver.execute(RemoteWebDriver.java:518)
at org.openqa.selenium.remote.ElementLocation$ElementFinder$2.findElement(ElementLocation.java:165)
at org.openqa.selenium.remote.ElementLocation.findElement(ElementLocation.java:59)
at org.openqa.selenium.remote.RemoteWebDriver.findElement(RemoteWebDriver.java:355)
at org.openqa.selenium.remote.RemoteWebDriver.findElement(RemoteWebDriver.java:349)
at CloseoutPro.NotConnect.CloseoutPage.clickReject(CloseoutPage.java:99)
at CloseoutPro.NotConnect.CloseoutTest.RejectCloseout(CloseoutTest.java:160)
at java.base/java.util.ArrayList.forEach(ArrayList.java:1596)
... Removed 28 stack frames]]>
    </failure>
  </testcase> <!-- RejectCloseout -->
  <testcase classname="CloseoutPro.NotConnect.CloseoutTest" name="Comments" time="7.388"/>
  <testcase classname="CloseoutPro.NotConnect.CloseoutTest" name="UpdateCloseout" time="13.725"/>
  <testcase classname="CloseoutPro.NotConnect.CloseoutTest" name="deleteRestoreCloseout" time="6.927"/>
  <testcase classname="CloseoutPro.NotConnect.AssetsTest" name="Assets" time="40.901"/>
  <testcase classname="CloseoutPro.NotConnect.AssetsTest" name="createAsset" time="25.081"/>
  <testcase classname="CloseoutPro.NotConnect.AssetsTest" name="editAsset" time="14.69"/>
  <testcase classname="CloseoutPro.NotConnect.WarrantyTest" name="WarrantyTicket" time="38.36"/>
  <testcase classname="CloseoutPro.NotConnect.WarrantyTest" name="createWarranty" time="298.413"/>
  <testcase classname="CloseoutPro.NotConnect.WarrantyTest" name="UpdateWarranty" time="21.51"/>
  <testcase classname="CloseoutPro.NotConnect.WarrantyTest" name="SuspendResumeTicket" time="8.892"/>
  <testcase classname="CloseoutPro.NotConnect.WarrantyTest" name="closeWarrantyTicket" time="12.988"/>
  <testcase classname="CloseoutPro.NotConnect.WarrantyTest" name="deleteWarranty" time="10.85"/>
  <testcase classname="CloseoutPro.NotConnect.SettingTest" name="Settings" time="40.61"/>
  <testcase classname="CloseoutPro.NotConnect.SettingTest" name="createCloseoutType" time="9.861"/>
  <testcase classname="CloseoutPro.NotConnect.SettingTest" name="upadteCloseoutType" time="6.944"/>
  <testcase classname="CloseoutPro.NotConnect.SettingTest" name="deleteCloseoutType" time="3.984"/>
  <testcase classname="CloseoutPro.NotConnect.SettingTest" name="createPhase" time="18.445"/>
  <testcase classname="CloseoutPro.NotConnect.SettingTest" name="updatePhase" time="4.444"/>
  <testcase classname="CloseoutPro.NotConnect.SettingTest" name="deletePhase" time="4.248"/>
</testsuite> <!-- Test -->
