<?xml version="1.0" encoding="UTF-8"?>
<!-- Generated by org.testng.reporters.JUnitReportReporter -->
<testsuite hostname="Laptop-191" failures="0" tests="5" name="CloseoutPro.NotConnect.CloseoutTest" time="132.657" errors="0" timestamp="2026-04-24T17:01:24 IST" skipped="0">
  <testcase classname="CloseoutPro.NotConnect.CloseoutTest" name="Projects" time="62.573"/>
  <testcase classname="CloseoutPro.NotConnect.CloseoutTest" name="ApproveCloseout" time="51.660"/>
  <testcase classname="CloseoutPro.NotConnect.CloseoutTest" name="RejectCloseout" time="3.981"/>
  <testcase classname="CloseoutPro.NotConnect.CloseoutTest" name="Comments" time="5.960"/>
  <testcase classname="CloseoutPro.NotConnect.CloseoutTest" name="UpdateStatus" time="8.483"/>
</testsuite> <!-- CloseoutPro.NotConnect.CloseoutTest -->
