<?xml version="1.0" encoding="UTF-8"?>
<!-- Generated by org.testng.reporters.JUnitReportReporter -->
<testsuite hostname="Laptop-191" failures="0" tests="2" name="CloseoutPro.NotConnect.WarrantyTest" time="295.935" errors="0" timestamp="2026-05-05T15:50:59 IST" skipped="0">
  <testcase classname="CloseoutPro.NotConnect.WarrantyTest" name="selectProject" time="30.190"/>
  <testcase classname="CloseoutPro.NotConnect.WarrantyTest" name="createWarranty" time="265.745"/>
</testsuite> <!-- CloseoutPro.NotConnect.WarrantyTest -->
