<?xml version="1.0" encoding="UTF-8"?>
<!-- Generated by org.testng.reporters.JUnitReportReporter -->
<testsuite hostname="Laptop-191" failures="0" tests="4" name="CloseoutPro.NotConnect.UserDirectoryTest" time="31.696" errors="0" timestamp="2026-03-01T23:08:12 IST" skipped="2">
  <testcase classname="CloseoutPro.NotConnect.UserDirectoryTest" name="UserDirectary" time="28.226"/>
  <testcase classname="CloseoutPro.NotConnect.UserDirectoryTest" name="deleteUser" time="3.470"/>
  <testcase classname="CloseoutPro.NotConnect.UserDirectoryTest" name="editUser">
    <skipped/>
  </testcase> <!-- editUser -->
  <testcase classname="CloseoutPro.NotConnect.UserDirectoryTest" name="CreateUser">
    <skipped/>
  </testcase> <!-- CreateUser -->
</testsuite> <!-- CloseoutPro.NotConnect.UserDirectoryTest -->
