<?xml version="1.0" encoding="UTF-8"?>
<!-- Generated by org.testng.reporters.JUnitReportReporter -->
<testsuite hostname="Laptop-191" failures="0" tests="3" name="CloseoutPro.NotConnect.specificationTest" time="66.550" errors="0" timestamp="2026-05-29T17:48:11 IST" skipped="0">
  <testcase classname="CloseoutPro.NotConnect.specificationTest" name="Specifications" time="39.024"/>
  <testcase classname="CloseoutPro.NotConnect.specificationTest" name="AddSpecification" time="5.216"/>
  <testcase classname="CloseoutPro.NotConnect.specificationTest" name="UploadSpecification" time="22.310"/>
</testsuite> <!-- CloseoutPro.NotConnect.specificationTest -->
