<?xml version="1.0" encoding="UTF-8"?>
<!-- Generated by org.testng.reporters.JUnitReportReporter -->
<testsuite hostname="Laptop-191" failures="0" tests="5" name="CloseoutPro.NotConnect.ProjectsTest" time="62.696" errors="0" timestamp="2026-05-29T17:48:11 IST" skipped="0">
  <testcase classname="CloseoutPro.NotConnect.ProjectsTest" name="Projects" time="23.201"/>
  <testcase classname="CloseoutPro.NotConnect.ProjectsTest" name="createProject" time="5.937"/>
  <testcase classname="CloseoutPro.NotConnect.ProjectsTest" name="editProject" time="14.684"/>
  <testcase classname="CloseoutPro.NotConnect.ProjectsTest" name="deleteProject" time="5.891"/>
  <testcase classname="CloseoutPro.NotConnect.ProjectsTest" name="RestoreProject" time="12.983"/>
</testsuite> <!-- CloseoutPro.NotConnect.ProjectsTest -->
