<?xml version="1.0" encoding="UTF-8"?>
<!-- Generated by org.testng.reporters.JUnitReportReporter -->
<testsuite hostname="Laptop-191" failures="0" tests="6" name="CloseoutPro.NotConnect.WarrantyTest" time="384.998" errors="0" timestamp="2026-05-29T17:48:11 IST" skipped="0">
  <testcase classname="CloseoutPro.NotConnect.WarrantyTest" name="WarrantyTicket" time="34.727"/>
  <testcase classname="CloseoutPro.NotConnect.WarrantyTest" name="createWarrantyTicket" time="298.206"/>
  <testcase classname="CloseoutPro.NotConnect.WarrantyTest" name="UpdateWarrantyTicket" time="20.285"/>
  <testcase classname="CloseoutPro.NotConnect.WarrantyTest" name="SuspendAndResumeTicket" time="8.894"/>
  <testcase classname="CloseoutPro.NotConnect.WarrantyTest" name="closeWarrantyTicket" time="12.720"/>
  <testcase classname="CloseoutPro.NotConnect.WarrantyTest" name="deleteAndPermanentDeleteWarranty" time="10.166"/>
</testsuite> <!-- CloseoutPro.NotConnect.WarrantyTest -->
