<?xml version="1.0" encoding="UTF-8"?>
<!-- Generated by org.testng.reporters.JUnitReportReporter -->
<testsuite hostname="Laptop-191" failures="0" tests="2" name="CloseoutPro.NotConnect.MyProfileTest" time="28.953" errors="0" timestamp="2026-02-28T23:22:11 IST" skipped="0">
  <testcase classname="CloseoutPro.NotConnect.MyProfileTest" name="EditProfile" time="25.757"/>
  <testcase classname="CloseoutPro.NotConnect.MyProfileTest" name="ChangePassword" time="3.196"/>
</testsuite> <!-- CloseoutPro.NotConnect.MyProfileTest -->
