<?xml version="1.0" encoding="UTF-8"?>
<!-- Generated by org.testng.reporters.JUnitReportReporter -->
<testsuite hostname="Laptop-191" failures="0" tests="3" name="CloseoutPro.NotConnect.LoginTest" time="44.176" errors="0" timestamp="2026-05-28T19:14:24 IST" skipped="0">
  <testcase classname="CloseoutPro.NotConnect.LoginTest" name="WrongEmail" time="29.681"/>
  <testcase classname="CloseoutPro.NotConnect.LoginTest" name="WrongPassword" time="5.388"/>
  <testcase classname="CloseoutPro.NotConnect.LoginTest" name="ValidCredentials" time="9.107"/>
</testsuite> <!-- CloseoutPro.NotConnect.LoginTest -->
