<?xml version="1.0" encoding="UTF-8"?>
<!-- Generated by org.testng.reporters.JUnitReportReporter -->
<testsuite hostname="Laptop-191" failures="0" tests="5" name="CloseoutPro.NotConnect.ProjectsTest" time="75.823" errors="0" timestamp="2026-05-28T19:14:24 IST" skipped="0">
  <testcase classname="CloseoutPro.NotConnect.ProjectsTest" name="Projects" time="31.774"/>
  <testcase classname="CloseoutPro.NotConnect.ProjectsTest" name="createProject" time="6.681"/>
  <testcase classname="CloseoutPro.NotConnect.ProjectsTest" name="editProject" time="17.856"/>
  <testcase classname="CloseoutPro.NotConnect.ProjectsTest" name="delete" time="6.131"/>
  <testcase classname="CloseoutPro.NotConnect.ProjectsTest" name="RestoreProject" time="13.381"/>
</testsuite> <!-- CloseoutPro.NotConnect.ProjectsTest -->
