<?xml version="1.0" encoding="UTF-8"?>
<!-- Generated by org.testng.reporters.JUnitReportReporter -->
<testsuite hostname="Laptop-191" failures="0" tests="3" name="CloseoutPro.NotConnect.LoginTest" time="28.586" errors="0" timestamp="2026-05-29T17:48:11 IST" skipped="0">
  <testcase classname="CloseoutPro.NotConnect.LoginTest" name="LoginWithWrongEmail" time="18.835"/>
  <testcase classname="CloseoutPro.NotConnect.LoginTest" name="LoginWithWrongPassword" time="3.776"/>
  <testcase classname="CloseoutPro.NotConnect.LoginTest" name="LoginWithValidCredentials" time="5.975"/>
</testsuite> <!-- CloseoutPro.NotConnect.LoginTest -->
