<?xml version="1.0" encoding="UTF-8"?>
<!-- Generated by org.testng.reporters.JUnitReportReporter -->
<testsuite hostname="Laptop-191" failures="0" tests="3" name="CloseoutPro.NotConnect.AssetsTest" time="80.672" errors="0" timestamp="2026-05-28T19:14:24 IST" skipped="0">
  <testcase classname="CloseoutPro.NotConnect.AssetsTest" name="Assets" time="40.901"/>
  <testcase classname="CloseoutPro.NotConnect.AssetsTest" name="createAsset" time="25.081"/>
  <testcase classname="CloseoutPro.NotConnect.AssetsTest" name="editAsset" time="14.690"/>
</testsuite> <!-- CloseoutPro.NotConnect.AssetsTest -->
