<?xml version="1.0" encoding="UTF-8"?>
<!-- Generated by org.testng.reporters.JUnitReportReporter -->
<testsuite hostname="Laptop-191" failures="0" tests="7" name="CloseoutPro.NotConnect.CloseoutTest" time="112.908" errors="0" timestamp="2026-05-29T17:48:11 IST" skipped="0">
  <testcase classname="CloseoutPro.NotConnect.CloseoutTest" name="CloseoutItem" time="33.187"/>
  <testcase classname="CloseoutPro.NotConnect.CloseoutTest" name="createCloseoutItem" time="5.857"/>
  <testcase classname="CloseoutPro.NotConnect.CloseoutTest" name="ApproveCloseoutItem" time="38.346"/>
  <testcase classname="CloseoutPro.NotConnect.CloseoutTest" name="RejectCloseoutItem" time="8.135"/>
  <testcase classname="CloseoutPro.NotConnect.CloseoutTest" name="AddComments" time="6.322"/>
  <testcase classname="CloseoutPro.NotConnect.CloseoutTest" name="UpdateCloseoutItem" time="14.147"/>
  <testcase classname="CloseoutPro.NotConnect.CloseoutTest" name="deleteAndRestoreCloseoutItem" time="6.914"/>
</testsuite> <!-- CloseoutPro.NotConnect.CloseoutTest -->
