<?xml version="1.0" encoding="UTF-8"?>
<!-- Generated by org.testng.reporters.JUnitReportReporter -->
<testsuite hostname="Laptop-191" failures="0" tests="3" name="CloseoutPro.NotConnect.specificationTest" time="52.883" errors="0" timestamp="2026-03-31T12:50:27 IST" skipped="0">
  <testcase classname="CloseoutPro.NotConnect.specificationTest" name="Projects" time="35.127"/>
  <testcase classname="CloseoutPro.NotConnect.specificationTest" name="getProject" time="12.345"/>
  <testcase classname="CloseoutPro.NotConnect.specificationTest" name="AddSpecification" time="5.411"/>
</testsuite> <!-- CloseoutPro.NotConnect.specificationTest -->
