<?xml version="1.0" encoding="UTF-8"?>
<!-- Generated by org.testng.reporters.JUnitReportReporter -->
<testsuite hostname="Laptop-191" failures="0" tests="2" name="CloseoutPro.NotConnect.MyProfileTest" time="39.488" errors="0" timestamp="2026-05-29T17:48:11 IST" skipped="0">
  <testcase classname="CloseoutPro.NotConnect.MyProfileTest" name="EditMyProfile" time="36.269"/>
  <testcase classname="CloseoutPro.NotConnect.MyProfileTest" name="ChangePassword" time="3.219"/>
</testsuite> <!-- CloseoutPro.NotConnect.MyProfileTest -->
