<?xml version="1.0" encoding="UTF-8"?>
<!-- Generated by org.testng.reporters.JUnitReportReporter -->
<testsuite hostname="Laptop-191" failures="0" tests="7" name="CloseoutPro.NotConnect.SettingTest" time="88.536" errors="0" timestamp="2026-05-28T19:14:24 IST" skipped="0">
  <testcase classname="CloseoutPro.NotConnect.SettingTest" name="Settings" time="40.610"/>
  <testcase classname="CloseoutPro.NotConnect.SettingTest" name="createCloseoutType" time="9.861"/>
  <testcase classname="CloseoutPro.NotConnect.SettingTest" name="upadteCloseoutType" time="6.944"/>
  <testcase classname="CloseoutPro.NotConnect.SettingTest" name="deleteCloseoutType" time="3.984"/>
  <testcase classname="CloseoutPro.NotConnect.SettingTest" name="createPhase" time="18.445"/>
  <testcase classname="CloseoutPro.NotConnect.SettingTest" name="updatePhase" time="4.444"/>
  <testcase classname="CloseoutPro.NotConnect.SettingTest" name="deletePhase" time="4.248"/>
</testsuite> <!-- CloseoutPro.NotConnect.SettingTest -->
