<?xml version="1.0" encoding="UTF-8"?>
<!-- Generated by org.testng.reporters.JUnitReportReporter -->
<testsuite hostname="Laptop-191" failures="0" tests="4" name="CloseoutPro.NotConnect.UserDirectoryTest" time="64.446" errors="0" timestamp="2026-05-28T19:14:24 IST" skipped="0">
  <testcase classname="CloseoutPro.NotConnect.UserDirectoryTest" name="UserDirectary" time="46.576"/>
  <testcase classname="CloseoutPro.NotConnect.UserDirectoryTest" name="CreateUser" time="6.858"/>
  <testcase classname="CloseoutPro.NotConnect.UserDirectoryTest" name="editUser" time="6.405"/>
  <testcase classname="CloseoutPro.NotConnect.UserDirectoryTest" name="deleteUser" time="4.607"/>
</testsuite> <!-- CloseoutPro.NotConnect.UserDirectoryTest -->
